f:\work_vip\r264_build\r264_codec\bulid\vs2019\decoder\x64\release\vc142.pdb
f:\work_vip\r264_build\r264_codec\bulid\vs2019\decoder\x64\release\tq.obj
f:\work_vip\r264_build\r264_codec\bulid\vs2019\decoder\x64\release\quant.obj
f:\work_vip\r264_build\r264_codec\bulid\vs2019\decoder\x64\release\parser.obj
f:\work_vip\r264_build\r264_codec\bulid\vs2019\decoder\x64\release\decoder_top.obj
f:\work_vip\r264_build\r264_codec\bulid\vs2019\decoder\x64\release\main.obj
f:\work_vip\r264_build\r264_codec\bulid\vs2019\decoder\x64\release\intra_rec.obj
f:\work_vip\r264_build\r264_codec\bulid\vs2019\decoder\x64\release\intra_base.obj
f:\work_vip\r264_build\r264_codec\bulid\vs2019\decoder\x64\release\entropy_decoder.obj
f:\work_vip\r264_build\r264_codec\bulid\vs2019\decoder\x64\release\cabad_bin.obj
f:\work_vip\r264_build\r264_codec\bulid\vs2019\decoder\x64\release\cabad.obj
f:\work_vip\r264_build\r264_codec\bulid\vs2019\decoder\x64\release\arith_dec_engine.obj
f:\work_vip\r264_build\r264_codec\bulid\vs2019\decoder\x64\release\deblock.obj
f:\work_vip\r264_build\r264_codec\bulid\vs2019\decoder\x64\release\sys_ctrl.obj
f:\work_vip\r264_build\r264_codec\bulid\vs2019\decoder\x64\release\mem_ctrl.obj
f:\work_vip\r264_build\r264_codec\bulid\vs2019\decoder\x64\release\decoder_core.obj
f:\work_vip\r264_build\r264_codec\bulid\vs2019\decoder\x64\release\decoder.tlog\cl.command.1.tlog
f:\work_vip\r264_build\r264_codec\bulid\vs2019\decoder\x64\release\decoder.tlog\cl.read.1.tlog
f:\work_vip\r264_build\r264_codec\bulid\vs2019\decoder\x64\release\decoder.tlog\cl.write.1.tlog
f:\work_vip\r264_build\r264_codec\bulid\vs2019\decoder\x64\release\decoder.tlog\link.command.1.tlog
f:\work_vip\r264_build\r264_codec\bulid\vs2019\decoder\x64\release\decoder.tlog\link.read.1.tlog
f:\work_vip\r264_build\r264_codec\bulid\vs2019\decoder\x64\release\decoder.tlog\link.write.1.tlog
