f:\work_vip\r264_build\r264_codec\bulid\vs2019\decoder\x64\debug\vc142.pdb
f:\work_vip\r264_build\r264_codec\bulid\vs2019\decoder\x64\debug\vc142.idb
f:\work_vip\r264_build\r264_codec\bulid\vs2019\decoder\x64\debug\tq.obj
f:\work_vip\r264_build\r264_codec\bulid\vs2019\decoder\x64\debug\quant.obj
f:\work_vip\r264_build\r264_codec\bulid\vs2019\decoder\x64\debug\parser.obj
f:\work_vip\r264_build\r264_codec\bulid\vs2019\decoder\x64\debug\decoder_top.obj
f:\work_vip\r264_build\r264_codec\bulid\vs2019\decoder\x64\debug\main.obj
f:\work_vip\r264_build\r264_codec\bulid\vs2019\decoder\x64\debug\intra_rec.obj
f:\work_vip\r264_build\r264_codec\bulid\vs2019\decoder\x64\debug\intra_base.obj
f:\work_vip\r264_build\r264_codec\bulid\vs2019\decoder\x64\debug\entropy_decoder.obj
f:\work_vip\r264_build\r264_codec\bulid\vs2019\decoder\x64\debug\cabad_bin.obj
f:\work_vip\r264_build\r264_codec\bulid\vs2019\decoder\x64\debug\cabad.obj
f:\work_vip\r264_build\r264_codec\bulid\vs2019\decoder\x64\debug\arith_dec_engine.obj
f:\work_vip\r264_build\r264_codec\bulid\vs2019\decoder\x64\debug\deblock.obj
f:\work_vip\r264_build\r264_codec\bulid\vs2019\decoder\x64\debug\sys_ctrl.obj
f:\work_vip\r264_build\r264_codec\bulid\vs2019\decoder\x64\debug\mem_ctrl.obj
f:\work_vip\r264_build\r264_codec\bulid\vs2019\decoder\x64\debug\decoder_core.obj
f:\work_vip\r264_build\r264_codec\bulid\vs2019\x64\debug\decoder.exe
f:\work_vip\r264_build\r264_codec\bulid\vs2019\x64\debug\decoder.ilk
f:\work_vip\r264_build\r264_codec\bulid\vs2019\x64\debug\decoder.pdb
f:\work_vip\r264_build\r264_codec\bulid\vs2019\decoder\x64\debug\decoder.tlog\cl.command.1.tlog
f:\work_vip\r264_build\r264_codec\bulid\vs2019\decoder\x64\debug\decoder.tlog\cl.read.1.tlog
f:\work_vip\r264_build\r264_codec\bulid\vs2019\decoder\x64\debug\decoder.tlog\cl.write.1.tlog
f:\work_vip\r264_build\r264_codec\bulid\vs2019\decoder\x64\debug\decoder.tlog\link.command.1.tlog
f:\work_vip\r264_build\r264_codec\bulid\vs2019\decoder\x64\debug\decoder.tlog\link.read.1.tlog
f:\work_vip\r264_build\r264_codec\bulid\vs2019\decoder\x64\debug\decoder.tlog\link.write.1.tlog
